[debug] [2024-01-29T08:34:52.842Z] ----------------------------------------------------------------------
[debug] [2024-01-29T08:34:52.844Z] Command:       C:\Program Files\nodejs\node.exe C:\Users\Anshu\AppData\Roaming\npm\node_modules\firebase-tools\lib\bin\firebase.js init
[debug] [2024-01-29T08:34:52.845Z] CLI Version:   13.0.3
[debug] [2024-01-29T08:34:52.845Z] Platform:      win32
[debug] [2024-01-29T08:34:52.845Z] Node Version:  v20.11.0
[debug] [2024-01-29T08:34:52.845Z] Time:          Mon Jan 29 2024 14:04:52 GMT+0530 (India Standard Time)
[debug] [2024-01-29T08:34:52.845Z] ----------------------------------------------------------------------
[debug] 
[debug] [2024-01-29T08:34:52.850Z] > command requires scopes: ["email","openid","https://www.googleapis.com/auth/cloudplatformprojects.readonly","https://www.googleapis.com/auth/firebase","https://www.googleapis.com/auth/cloud-platform"]
[debug] [2024-01-29T08:34:52.850Z] > authorizing via signed-in user (anshikaanshika103@gmail.com)
[info] 
     ######## #### ########  ######## ########     ###     ######  ########
     ##        ##  ##     ## ##       ##     ##  ##   ##  ##       ##
     ######    ##  ########  ######   ########  #########  ######  ######
     ##        ##  ##    ##  ##       ##     ## ##     ##       ## ##
     ##       #### ##     ## ######## ########  ##     ##  ######  ########

You're about to initialize a Firebase project in this directory:

  C:\Users\Anshu\Documents\competitor-app

[info] 
=== Project Setup
[info] 
[info] First, let's associate this project directory with a Firebase project.
[info] You can create multiple project aliases by running firebase use --add, 
[info] but for now we'll just set up a default project.
[info] 
[debug] [2024-01-29T08:35:04.689Z] > refreshing access token with scopes: []
[debug] [2024-01-29T08:35:04.691Z] >>> [apiv2][query] POST https://www.googleapis.com/oauth2/v3/token [none]
[debug] [2024-01-29T08:35:04.691Z] >>> [apiv2][body] POST https://www.googleapis.com/oauth2/v3/token [omitted]
[debug] [2024-01-29T08:35:05.086Z] <<< [apiv2][status] POST https://www.googleapis.com/oauth2/v3/token 200
[debug] [2024-01-29T08:35:05.087Z] <<< [apiv2][body] POST https://www.googleapis.com/oauth2/v3/token [omitted]
[debug] [2024-01-29T08:35:05.099Z] >>> [apiv2][query] GET https://firebase.googleapis.com/v1beta1/projects pageSize=100
[debug] [2024-01-29T08:35:05.905Z] <<< [apiv2][status] GET https://firebase.googleapis.com/v1beta1/projects 200
[debug] [2024-01-29T08:35:05.905Z] <<< [apiv2][body] GET https://firebase.googleapis.com/v1beta1/projects [omitted]
